<?xml version="1.0" encoding="UTF-8"?>
<!-- Generated by org.testng.reporters.JUnitReportReporter -->
<testsuite skipped="0" hostname="SJ-SFF" name="Qaclickacademy.AppiumTest" tests="2" failures="0" timestamp="24 Mar 2020 20:21:26 GMT" time="0.001" errors="0">
  <testcase name="NativeAppAndroid" time="0.000" classname="Qaclickacademy.AppiumTest"/>
  <testcase name="IOSApps" time="0.001" classname="Qaclickacademy.AppiumTest"/>
</testsuite> <!-- Qaclickacademy.AppiumTest -->
