<?xml version="1.0" encoding="UTF-8"?>
<!-- Generated by org.testng.reporters.JUnitReportReporter -->
<testsuite skipped="0" hostname="SJ-SFF" name="Qaclickacademy.SeleniumTest" tests="2" failures="0" timestamp="24 Mar 2020 20:21:36 GMT" time="0.006" errors="0">
  <testcase name="BrowserAutomation" time="0.005" classname="Qaclickacademy.SeleniumTest"/>
  <testcase name="elementsUi" time="0.001" classname="Qaclickacademy.SeleniumTest"/>
</testsuite> <!-- Qaclickacademy.SeleniumTest -->
